2024-07-02 23:07:871 INFO  CustomerLoginPage :17 - click on customer[[ChromeDriver: chrome on windows (f909067526086cf1503b0aa783fa4ebc)] -> xpath: //button[contains(text(),'Customer Login')]]
2024-07-02 23:07:497 INFO  CustomerLoginPage :27 - search customer[[ChromeDriver: chrome on windows (f909067526086cf1503b0aa783fa4ebc)] -> xpath: //select[@id='userSelect']]
2024-07-02 23:07:552 INFO  CustomerLoginPage :37 - click on login [[ChromeDriver: chrome on windows (f909067526086cf1503b0aa783fa4ebc)] -> xpath: //button[contains(text(),'Login')]]
2024-07-02 23:07:570 INFO  CustomerLoginPage :46 - verify logout [[ChromeDriver: chrome on windows (f909067526086cf1503b0aa783fa4ebc)] -> xpath: //button[contains(text(),'Logout')]]
2024-07-02 23:07:124 INFO  CustomerLoginPage :57 - click on logout [[ChromeDriver: chrome on windows (f909067526086cf1503b0aa783fa4ebc)] -> xpath: //button[contains(text(),'Logout')]]
2024-07-02 23:07:199 INFO  CustomerLoginPage :67 - verify name [[ChromeDriver: chrome on windows (f909067526086cf1503b0aa783fa4ebc)] -> xpath: //label[contains(text(),'Your Name :')]]
2024-07-02 23:07:785 INFO  CustomerLoginPage :17 - click on customer[[ChromeDriver: chrome on windows (59a18846cd20fbc06b872c0768ed81ed)] -> xpath: //button[contains(text(),'Customer Login')]]
2024-07-02 23:07:315 INFO  CustomerLoginPage :27 - search customer[[ChromeDriver: chrome on windows (59a18846cd20fbc06b872c0768ed81ed)] -> xpath: //select[@id='userSelect']]
2024-07-02 23:07:439 INFO  CustomerLoginPage :37 - click on login [[ChromeDriver: chrome on windows (59a18846cd20fbc06b872c0768ed81ed)] -> xpath: //button[contains(text(),'Login')]]
2024-07-02 23:07:890 INFO  AccountPage :36 - click on deoposit[[ChromeDriver: chrome on windows (59a18846cd20fbc06b872c0768ed81ed)] -> xpath: //div[@ng-hide='noAccount']//button[2]]
2024-07-02 23:07:355 INFO  AccountPage :42 - click on deoposit[[ChromeDriver: chrome on windows (59a18846cd20fbc06b872c0768ed81ed)] -> xpath: //div[@ng-hide='noAccount']//button[2]]
2024-07-02 23:07:448 INFO  AccountPage :48 - click on deoposit[[ChromeDriver: chrome on windows (59a18846cd20fbc06b872c0768ed81ed)] -> xpath: //div[@ng-hide='noAccount']//button[2]]
2024-07-02 23:07:466 INFO  AccountPage :86 - verify transaction [[ChromeDriver: chrome on windows (59a18846cd20fbc06b872c0768ed81ed)] -> xpath: //span[contains(text(),'Deposit Successful')]]
2024-07-02 23:07:730 INFO  CustomerLoginPage :17 - click on customer[[ChromeDriver: chrome on windows (e84a0e79f7ea7d5ce71d5d3af63d348d)] -> xpath: //button[contains(text(),'Customer Login')]]
2024-07-02 23:07:282 INFO  CustomerLoginPage :27 - search customer[[ChromeDriver: chrome on windows (e84a0e79f7ea7d5ce71d5d3af63d348d)] -> xpath: //select[@id='userSelect']]
2024-07-02 23:07:361 INFO  CustomerLoginPage :37 - click on login [[ChromeDriver: chrome on windows (e84a0e79f7ea7d5ce71d5d3af63d348d)] -> xpath: //button[contains(text(),'Login')]]
2024-07-02 23:07:839 INFO  AccountPage :54 - click on deoposit[[ChromeDriver: chrome on windows (e84a0e79f7ea7d5ce71d5d3af63d348d)] -> xpath: //div[@ng-hide='noAccount']//button[2]]
2024-07-02 23:07:375 INFO  AccountPage :64 - withdraw amount [[ChromeDriver: chrome on windows (e84a0e79f7ea7d5ce71d5d3af63d348d)] -> tag name: input]
2024-07-02 23:07:437 INFO  AccountPage :76 - click on withdraw[[ChromeDriver: chrome on windows (e84a0e79f7ea7d5ce71d5d3af63d348d)] -> xpath: //body/div[1]/div[1]/div[2]/div[1]/div[4]/div[1]/form[1]/button[1]]
2024-07-02 23:07:455 INFO  AccountPage :96 - verify transaction [[ChromeDriver: chrome on windows (e84a0e79f7ea7d5ce71d5d3af63d348d)] -> xpath: //span[contains(text(),'Transaction successful')]]
2024-07-02 23:07:717 INFO  BankManagerLoginPage :17 - click on login [[ChromeDriver: chrome on windows (717473337c2553809fb3608122f6101e)] -> xpath: //button[contains(text(),'Bank Manager Login')]]
2024-07-02 23:07:170 INFO  AddCustomerPage :18 - click on add customer[[ChromeDriver: chrome on windows (717473337c2553809fb3608122f6101e)] -> xpath: //body/div[1]/div[1]/div[2]/div[1]/div[1]/button[1]]
2024-07-02 23:07:643 INFO  AddCustomerPage :28 - click on add name[[ChromeDriver: chrome on windows (717473337c2553809fb3608122f6101e)] -> xpath: //body/div[1]/div[1]/div[2]/div[1]/div[2]/div[1]/div[1]/form[1]/div[1]/input[1]]
2024-07-02 23:07:818 INFO  AddCustomerPage :38 - click on add name[[ChromeDriver: chrome on windows (717473337c2553809fb3608122f6101e)] -> xpath: //body/div[1]/div[1]/div[2]/div[1]/div[2]/div[1]/div[1]/form[1]/div[2]/input[1]]
2024-07-02 23:07:920 INFO  AddCustomerPage :48 - click on add postcode[[ChromeDriver: chrome on windows (717473337c2553809fb3608122f6101e)] -> xpath: //body/div[1]/div[1]/div[2]/div[1]/div[2]/div[1]/div[1]/form[1]/div[3]/input[1]]
2024-07-02 23:07:991 INFO  AddCustomerPage :58 - click on add button [[ChromeDriver: chrome on windows (717473337c2553809fb3608122f6101e)] -> xpath: //body/div[1]/div[1]/div[2]/div[1]/div[2]/div[1]/div[1]/form[1]/button[1]]
2024-07-02 23:07:37 INFO  BankManagerLoginPage :17 - click on login [[ChromeDriver: chrome on windows (772369a958ec95a6067337fbc40a8d8e)] -> xpath: //button[contains(text(),'Bank Manager Login')]]
2024-07-02 23:07:477 INFO  OpenAccountPage :30 - click on open account[[ChromeDriver: chrome on windows (772369a958ec95a6067337fbc40a8d8e)] -> xpath: //body/div[1]/div[1]/div[2]/div[1]/div[1]/button[2]]
2024-07-02 23:07:983 INFO  OpenAccountPage :36 - Select customer[[ChromeDriver: chrome on windows (772369a958ec95a6067337fbc40a8d8e)] -> id: userSelect]
2024-07-02 23:07:131 INFO  OpenAccountPage :42 - Select currency[[ChromeDriver: chrome on windows (772369a958ec95a6067337fbc40a8d8e)] -> id: currency]
2024-07-02 23:07:223 INFO  OpenAccountPage :48 - click on button [[ChromeDriver: chrome on windows (772369a958ec95a6067337fbc40a8d8e)] -> xpath: //button[contains(text(),'Process')]]
2024-07-02 23:07:964 INFO  CustomerLoginPage :17 - click on customer[[ChromeDriver: chrome on windows (61973627dd714e7e16b11172c2e0a195)] -> xpath: //button[contains(text(),'Customer Login')]]
2024-07-02 23:07:528 INFO  CustomerLoginPage :27 - search customer[[ChromeDriver: chrome on windows (61973627dd714e7e16b11172c2e0a195)] -> xpath: //select[@id='userSelect']]
2024-07-02 23:07:586 INFO  CustomerLoginPage :37 - click on login [[ChromeDriver: chrome on windows (61973627dd714e7e16b11172c2e0a195)] -> xpath: //button[contains(text(),'Login')]]
2024-07-02 23:07:607 INFO  CustomerLoginPage :46 - verify logout [[ChromeDriver: chrome on windows (61973627dd714e7e16b11172c2e0a195)] -> xpath: //button[contains(text(),'Logout')]]
2024-07-02 23:07:53 INFO  CustomerLoginPage :57 - click on logout [[ChromeDriver: chrome on windows (61973627dd714e7e16b11172c2e0a195)] -> xpath: //button[contains(text(),'Logout')]]
2024-07-02 23:07:115 INFO  CustomerLoginPage :67 - verify name [[ChromeDriver: chrome on windows (61973627dd714e7e16b11172c2e0a195)] -> xpath: //label[contains(text(),'Your Name :')]]
2024-07-02 23:07:432 INFO  CustomerLoginPage :17 - click on customer[[ChromeDriver: chrome on windows (0f2d04ae86fd74375dfe880ce499c4f2)] -> xpath: //button[contains(text(),'Customer Login')]]
2024-07-02 23:07:47 INFO  CustomerLoginPage :27 - search customer[[ChromeDriver: chrome on windows (0f2d04ae86fd74375dfe880ce499c4f2)] -> xpath: //select[@id='userSelect']]
2024-07-02 23:07:147 INFO  CustomerLoginPage :37 - click on login [[ChromeDriver: chrome on windows (0f2d04ae86fd74375dfe880ce499c4f2)] -> xpath: //button[contains(text(),'Login')]]
2024-07-02 23:07:686 INFO  AccountPage :36 - click on deoposit[[ChromeDriver: chrome on windows (0f2d04ae86fd74375dfe880ce499c4f2)] -> xpath: //div[@ng-hide='noAccount']//button[2]]
2024-07-02 23:07:197 INFO  AccountPage :42 - click on deoposit[[ChromeDriver: chrome on windows (0f2d04ae86fd74375dfe880ce499c4f2)] -> xpath: //div[@ng-hide='noAccount']//button[2]]
2024-07-02 23:07:316 INFO  AccountPage :48 - click on deoposit[[ChromeDriver: chrome on windows (0f2d04ae86fd74375dfe880ce499c4f2)] -> xpath: //div[@ng-hide='noAccount']//button[2]]
2024-07-02 23:07:339 INFO  AccountPage :86 - verify transaction [[ChromeDriver: chrome on windows (0f2d04ae86fd74375dfe880ce499c4f2)] -> xpath: //span[contains(text(),'Deposit Successful')]]
2024-07-02 23:07:480 INFO  CustomerLoginPage :17 - click on customer[[ChromeDriver: chrome on windows (812801c0d841f954999eb3f8143a2750)] -> xpath: //button[contains(text(),'Customer Login')]]
2024-07-02 23:07:142 INFO  CustomerLoginPage :27 - search customer[[ChromeDriver: chrome on windows (812801c0d841f954999eb3f8143a2750)] -> xpath: //select[@id='userSelect']]
2024-07-02 23:07:254 INFO  CustomerLoginPage :37 - click on login [[ChromeDriver: chrome on windows (812801c0d841f954999eb3f8143a2750)] -> xpath: //button[contains(text(),'Login')]]
2024-07-02 23:07:724 INFO  AccountPage :54 - click on deoposit[[ChromeDriver: chrome on windows (812801c0d841f954999eb3f8143a2750)] -> xpath: //div[@ng-hide='noAccount']//button[2]]
2024-07-02 23:07:277 INFO  AccountPage :64 - withdraw amount [[ChromeDriver: chrome on windows (812801c0d841f954999eb3f8143a2750)] -> tag name: input]
2024-07-02 23:07:370 INFO  AccountPage :76 - click on withdraw[[ChromeDriver: chrome on windows (812801c0d841f954999eb3f8143a2750)] -> xpath: //body/div[1]/div[1]/div[2]/div[1]/div[4]/div[1]/form[1]/button[1]]
2024-07-02 23:07:395 INFO  AccountPage :96 - verify transaction [[ChromeDriver: chrome on windows (812801c0d841f954999eb3f8143a2750)] -> xpath: //span[contains(text(),'Transaction successful')]]
2024-07-02 23:07:662 INFO  BankManagerLoginPage :17 - click on login [[ChromeDriver: chrome on windows (3b68d178a087c3110c8a8c1c10bfd46b)] -> xpath: //button[contains(text(),'Bank Manager Login')]]
2024-07-02 23:07:226 INFO  AddCustomerPage :18 - click on add customer[[ChromeDriver: chrome on windows (3b68d178a087c3110c8a8c1c10bfd46b)] -> xpath: //body/div[1]/div[1]/div[2]/div[1]/div[1]/button[1]]
2024-07-02 23:07:802 INFO  AddCustomerPage :28 - click on add name[[ChromeDriver: chrome on windows (3b68d178a087c3110c8a8c1c10bfd46b)] -> xpath: //body/div[1]/div[1]/div[2]/div[1]/div[2]/div[1]/div[1]/form[1]/div[1]/input[1]]
2024-07-02 23:07:914 INFO  AddCustomerPage :38 - click on add name[[ChromeDriver: chrome on windows (3b68d178a087c3110c8a8c1c10bfd46b)] -> xpath: //body/div[1]/div[1]/div[2]/div[1]/div[2]/div[1]/div[1]/form[1]/div[2]/input[1]]
2024-07-02 23:07:11 INFO  AddCustomerPage :48 - click on add postcode[[ChromeDriver: chrome on windows (3b68d178a087c3110c8a8c1c10bfd46b)] -> xpath: //body/div[1]/div[1]/div[2]/div[1]/div[2]/div[1]/div[1]/form[1]/div[3]/input[1]]
2024-07-02 23:07:82 INFO  AddCustomerPage :58 - click on add button [[ChromeDriver: chrome on windows (3b68d178a087c3110c8a8c1c10bfd46b)] -> xpath: //body/div[1]/div[1]/div[2]/div[1]/div[2]/div[1]/div[1]/form[1]/button[1]]
2024-07-02 23:07:241 INFO  BankManagerLoginPage :17 - click on login [[ChromeDriver: chrome on windows (48dcea5374b0fef7a291c3d37fc70ea7)] -> xpath: //button[contains(text(),'Bank Manager Login')]]
2024-07-02 23:07:681 INFO  OpenAccountPage :30 - click on open account[[ChromeDriver: chrome on windows (48dcea5374b0fef7a291c3d37fc70ea7)] -> xpath: //body/div[1]/div[1]/div[2]/div[1]/div[1]/button[2]]
2024-07-02 23:07:286 INFO  OpenAccountPage :36 - Select customer[[ChromeDriver: chrome on windows (48dcea5374b0fef7a291c3d37fc70ea7)] -> id: userSelect]
2024-07-02 23:07:421 INFO  OpenAccountPage :42 - Select currency[[ChromeDriver: chrome on windows (48dcea5374b0fef7a291c3d37fc70ea7)] -> id: currency]
2024-07-02 23:07:507 INFO  OpenAccountPage :48 - click on button [[ChromeDriver: chrome on windows (48dcea5374b0fef7a291c3d37fc70ea7)] -> xpath: //button[contains(text(),'Process')]]
2024-07-03 00:07:663 INFO  CustomerLoginPage :17 - click on customer[[ChromeDriver: chrome on windows (dec9b35406d229402ec0be647eb6936d)] -> xpath: //button[contains(text(),'Customer Login')]]
2024-07-03 00:07:261 INFO  CustomerLoginPage :27 - search customer[[ChromeDriver: chrome on windows (dec9b35406d229402ec0be647eb6936d)] -> xpath: //select[@id='userSelect']]
2024-07-03 00:07:349 INFO  CustomerLoginPage :37 - click on login [[ChromeDriver: chrome on windows (dec9b35406d229402ec0be647eb6936d)] -> xpath: //button[contains(text(),'Login')]]
2024-07-03 00:07:373 INFO  CustomerLoginPage :46 - verify logout [[ChromeDriver: chrome on windows (dec9b35406d229402ec0be647eb6936d)] -> xpath: //button[contains(text(),'Logout')]]
2024-07-03 00:07:840 INFO  CustomerLoginPage :57 - click on logout [[ChromeDriver: chrome on windows (dec9b35406d229402ec0be647eb6936d)] -> xpath: //button[contains(text(),'Logout')]]
2024-07-03 00:07:932 INFO  CustomerLoginPage :67 - verify name [[ChromeDriver: chrome on windows (dec9b35406d229402ec0be647eb6936d)] -> xpath: //label[contains(text(),'Your Name :')]]
2024-07-03 00:07:342 INFO  CustomerLoginPage :17 - click on customer[[ChromeDriver: chrome on windows (7a18016abe8ecb7fb970fe818e806ff7)] -> xpath: //button[contains(text(),'Customer Login')]]
2024-07-03 00:07:871 INFO  CustomerLoginPage :27 - search customer[[ChromeDriver: chrome on windows (7a18016abe8ecb7fb970fe818e806ff7)] -> xpath: //select[@id='userSelect']]
2024-07-03 00:07:941 INFO  CustomerLoginPage :37 - click on login [[ChromeDriver: chrome on windows (7a18016abe8ecb7fb970fe818e806ff7)] -> xpath: //button[contains(text(),'Login')]]
2024-07-03 00:07:426 INFO  AccountPage :36 - click on deoposit[[ChromeDriver: chrome on windows (7a18016abe8ecb7fb970fe818e806ff7)] -> xpath: //div[@ng-hide='noAccount']//button[2]]
2024-07-03 00:07:964 INFO  AccountPage :42 - click on deoposit[[ChromeDriver: chrome on windows (7a18016abe8ecb7fb970fe818e806ff7)] -> xpath: //div[@ng-hide='noAccount']//button[2]]
2024-07-03 00:07:62 INFO  AccountPage :48 - click on deoposit[[ChromeDriver: chrome on windows (7a18016abe8ecb7fb970fe818e806ff7)] -> xpath: //div[@ng-hide='noAccount']//button[2]]
2024-07-03 00:07:82 INFO  AccountPage :86 - verify transaction [[ChromeDriver: chrome on windows (7a18016abe8ecb7fb970fe818e806ff7)] -> xpath: //span[contains(text(),'Deposit Successful')]]
2024-07-03 00:07:468 INFO  CustomerLoginPage :17 - click on customer[[ChromeDriver: chrome on windows (cc3ca60243a16789f87f3c9f379075cf)] -> xpath: //button[contains(text(),'Customer Login')]]
2024-07-03 00:07:19 INFO  CustomerLoginPage :27 - search customer[[ChromeDriver: chrome on windows (cc3ca60243a16789f87f3c9f379075cf)] -> xpath: //select[@id='userSelect']]
2024-07-03 00:07:133 INFO  CustomerLoginPage :37 - click on login [[ChromeDriver: chrome on windows (cc3ca60243a16789f87f3c9f379075cf)] -> xpath: //button[contains(text(),'Login')]]
2024-07-03 00:07:728 INFO  AccountPage :54 - click on deoposit[[ChromeDriver: chrome on windows (cc3ca60243a16789f87f3c9f379075cf)] -> xpath: //div[@ng-hide='noAccount']//button[2]]
2024-07-03 00:07:215 INFO  AccountPage :64 - withdraw amount [[ChromeDriver: chrome on windows (cc3ca60243a16789f87f3c9f379075cf)] -> tag name: input]
2024-07-03 00:07:294 INFO  AccountPage :76 - click on withdraw[[ChromeDriver: chrome on windows (cc3ca60243a16789f87f3c9f379075cf)] -> xpath: //body/div[1]/div[1]/div[2]/div[1]/div[4]/div[1]/form[1]/button[1]]
2024-07-03 00:07:310 INFO  AccountPage :96 - verify transaction [[ChromeDriver: chrome on windows (cc3ca60243a16789f87f3c9f379075cf)] -> xpath: //span[contains(text(),'Transaction successful')]]
2024-07-03 00:07:694 INFO  BankManagerLoginPage :17 - click on login [[ChromeDriver: chrome on windows (03dd27e20cc68f88e2d4b890884027be)] -> xpath: //button[contains(text(),'Bank Manager Login')]]
2024-07-03 00:07:204 INFO  AddCustomerPage :18 - click on add customer[[ChromeDriver: chrome on windows (03dd27e20cc68f88e2d4b890884027be)] -> xpath: //body/div[1]/div[1]/div[2]/div[1]/div[1]/button[1]]
2024-07-03 00:07:773 INFO  AddCustomerPage :28 - click on add name[[ChromeDriver: chrome on windows (03dd27e20cc68f88e2d4b890884027be)] -> xpath: //body/div[1]/div[1]/div[2]/div[1]/div[2]/div[1]/div[1]/form[1]/div[1]/input[1]]
2024-07-03 00:07:883 INFO  AddCustomerPage :38 - click on add name[[ChromeDriver: chrome on windows (03dd27e20cc68f88e2d4b890884027be)] -> xpath: //body/div[1]/div[1]/div[2]/div[1]/div[2]/div[1]/div[1]/form[1]/div[2]/input[1]]
2024-07-03 00:07:983 INFO  AddCustomerPage :48 - click on add postcode[[ChromeDriver: chrome on windows (03dd27e20cc68f88e2d4b890884027be)] -> xpath: //body/div[1]/div[1]/div[2]/div[1]/div[2]/div[1]/div[1]/form[1]/div[3]/input[1]]
2024-07-03 00:07:56 INFO  AddCustomerPage :58 - click on add button [[ChromeDriver: chrome on windows (03dd27e20cc68f88e2d4b890884027be)] -> xpath: //body/div[1]/div[1]/div[2]/div[1]/div[2]/div[1]/div[1]/form[1]/button[1]]
2024-07-03 00:07:532 INFO  BankManagerLoginPage :17 - click on login [[ChromeDriver: chrome on windows (eff54e4a31232da0b56df91ded629937)] -> xpath: //button[contains(text(),'Bank Manager Login')]]
2024-07-03 00:07:32 INFO  OpenAccountPage :30 - click on open account[[ChromeDriver: chrome on windows (eff54e4a31232da0b56df91ded629937)] -> xpath: //body/div[1]/div[1]/div[2]/div[1]/div[1]/button[2]]
2024-07-03 00:07:626 INFO  OpenAccountPage :36 - Select customer[[ChromeDriver: chrome on windows (eff54e4a31232da0b56df91ded629937)] -> id: userSelect]
2024-07-03 00:07:758 INFO  OpenAccountPage :42 - Select currency[[ChromeDriver: chrome on windows (eff54e4a31232da0b56df91ded629937)] -> id: currency]
2024-07-03 00:07:840 INFO  OpenAccountPage :48 - click on button [[ChromeDriver: chrome on windows (eff54e4a31232da0b56df91ded629937)] -> xpath: //button[contains(text(),'Process')]]
